# JRE version: OpenJDK Runtime Environment (8.0_76-b03) (build 1.8.0_76-release-b03)
# Java VM: OpenJDK 64-Bit Server VM (25.76-b03 mixed mode windows-amd64 compressed oops)
Heap:
 PSYoungGen      total 285184K, used 68321K [0x00000000d5580000, 0x00000000e9f00000, 0x0000000100000000)
  eden space 260608K, 16% used [0x00000000d5580000,0x00000000d803ca10,0x00000000e5400000)
  from space 24576K, 99% used [0x00000000e5400000,0x00000000e6bfbd28,0x00000000e6c00000)
  to   space 28672K, 0% used [0x00000000e8300000,0x00000000e8300000,0x00000000e9f00000)
 ParOldGen       total 132096K, used 96697K [0x0000000080000000, 0x0000000088100000, 0x00000000d5580000)
  object space 132096K, 73% used [0x0000000080000000,0x0000000085e6e540,0x0000000088100000)
 Metaspace       used 73916K, capacity 78494K, committed 78640K, reserved 1118208K
  class space    used 9583K, capacity 10499K, committed 10544K, reserved 1048576K
GC Heap History (10 events):
Event: 173.505 GC heap before
{Heap before GC invocations=27 (full 4):
 PSYoungGen      total 215040K, used 215024K [0x00000000d5580000, 0x00000000e4100000, 0x0000000100000000)
  eden space 199680K, 100% used [0x00000000d5580000,0x00000000e1880000,0x00000000e1880000)
  from space 15360K, 99% used [0x00000000e2b80000,0x00000000e3a7c010,0x00000000e3a80000)
  to   space 19456K, 0% used [0x00000000e1880000,0x00000000e1880000,0x00000000e2b80000)
 ParOldGen       total 132096K, used 62777K [0x0000000080000000, 0x0000000088100000, 0x00000000d5580000)
  object space 132096K, 47% used [0x0000000080000000,0x0000000083d4e508,0x0000000088100000)
 Metaspace       used 62255K, capacity 65484K, committed 65712K, reserved 1105920K
  class space    used 8187K, capacity 8838K, committed 8880K, reserved 1048576K
Event: 173.539 GC heap after
Heap after GC invocations=27 (full 4):
 PSYoungGen      total 219136K, used 12775K [0x00000000d5580000, 0x00000000e5d80000, 0x0000000100000000)
  eden space 199680K, 0% used [0x00000000d5580000,0x00000000d5580000,0x00000000e1880000)
  from space 19456K, 65% used [0x00000000e1880000,0x00000000e24f9c68,0x00000000e2b80000)
  to   space 19968K, 0% used [0x00000000e4a00000,0x00000000e4a00000,0x00000000e5d80000)
 ParOldGen       total 132096K, used 74969K [0x0000000080000000, 0x0000000088100000, 0x00000000d5580000)
  object space 132096K, 56% used [0x0000000080000000,0x00000000849365b0,0x0000000088100000)
 Metaspace       used 62255K, capacity 65484K, committed 65712K, reserved 1105920K
  class space    used 8187K, capacity 8838K, committed 8880K, reserved 1048576K
}
Event: 176.910 GC heap before
{Heap before GC invocations=28 (full 4):
 PSYoungGen      total 219136K, used 212455K [0x00000000d5580000, 0x00000000e5d80000, 0x0000000100000000)
  eden space 199680K, 100% used [0x00000000d5580000,0x00000000e1880000,0x00000000e1880000)
  from space 19456K, 65% used [0x00000000e1880000,0x00000000e24f9c68,0x00000000e2b80000)
  to   space 19968K, 0% used [0x00000000e4a00000,0x00000000e4a00000,0x00000000e5d80000)
 ParOldGen       total 132096K, used 74969K [0x0000000080000000, 0x0000000088100000, 0x00000000d5580000)
  object space 132096K, 56% used [0x0000000080000000,0x00000000849365b0,0x0000000088100000)
 Metaspace       used 63678K, capacity 67446K, committed 67632K, reserved 1107968K
  class space    used 8388K, capacity 9147K, committed 9264K, reserved 1048576K
Event: 176.970 GC heap after
Heap after GC invocations=28 (full 4):
 PSYoungGen      total 246272K, used 19940K [0x00000000d5580000, 0x00000000e6780000, 0x0000000100000000)
  eden space 226304K, 0% used [0x00000000d5580000,0x00000000d5580000,0x00000000e3280000)
  from space 19968K, 99% used [0x00000000e4a00000,0x00000000e5d79028,0x00000000e5d80000)
  to   space 24064K, 0% used [0x00000000e3280000,0x00000000e3280000,0x00000000e4a00000)
 ParOldGen       total 132096K, used 77523K [0x0000000080000000, 0x0000000088100000, 0x00000000d5580000)
  object space 132096K, 58% used [0x0000000080000000,0x0000000084bb4ea8,0x0000000088100000)
 Metaspace       used 63678K, capacity 67446K, committed 67632K, reserved 1107968K
  class space    used 8388K, capacity 9147K, committed 9264K, reserved 1048576K
}
Event: 179.478 GC heap before
{Heap before GC invocations=29 (full 4):
 PSYoungGen      total 246272K, used 246244K [0x00000000d5580000, 0x00000000e6780000, 0x0000000100000000)
  eden space 226304K, 100% used [0x00000000d5580000,0x00000000e3280000,0x00000000e3280000)
  from space 19968K, 99% used [0x00000000e4a00000,0x00000000e5d79028,0x00000000e5d80000)
  to   space 24064K, 0% used [0x00000000e3280000,0x00000000e3280000,0x00000000e4a00000)
 ParOldGen       total 132096K, used 77523K [0x0000000080000000, 0x0000000088100000, 0x00000000d5580000)
  object space 132096K, 58% used [0x0000000080000000,0x0000000084bb4ea8,0x0000000088100000)
 Metaspace       used 64178K, capacity 68428K, committed 68784K, reserved 1107968K
  class space    used 8454K, capacity 9268K, committed 9392K, reserved 1048576K
Event: 179.545 GC heap after
Heap after GC invocations=29 (full 4):
 PSYoungGen      total 250368K, used 9248K [0x00000000d5580000, 0x00000000e8780000, 0x0000000100000000)
  eden space 226304K, 0% used [0x00000000d5580000,0x00000000d5580000,0x00000000e3280000)
  from space 24064K, 38% used [0x00000000e3280000,0x00000000e3b88000,0x00000000e4a00000)
  to   space 22528K, 0% used [0x00000000e7180000,0x00000000e7180000,0x00000000e8780000)
 ParOldGen       total 132096K, used 95052K [0x0000000080000000, 0x0000000088100000, 0x00000000d5580000)
  object space 132096K, 71% used [0x0000000080000000,0x0000000085cd30b0,0x0000000088100000)
 Metaspace       used 64178K, capacity 68428K, committed 68784K, reserved 1107968K
  class space    used 8454K, capacity 9268K, committed 9392K, reserved 1048576K
}
Event: 241.956 GC heap before
{Heap before GC invocations=30 (full 4):
 PSYoungGen      total 250368K, used 235552K [0x00000000d5580000, 0x00000000e8780000, 0x0000000100000000)
  eden space 226304K, 100% used [0x00000000d5580000,0x00000000e3280000,0x00000000e3280000)
  from space 24064K, 38% used [0x00000000e3280000,0x00000000e3b88000,0x00000000e4a00000)
  to   space 22528K, 0% used [0x00000000e7180000,0x00000000e7180000,0x00000000e8780000)
 ParOldGen       total 132096K, used 95052K [0x0000000080000000, 0x0000000088100000, 0x00000000d5580000)
  object space 132096K, 71% used [0x0000000080000000,0x0000000085cd30b0,0x0000000088100000)
 Metaspace       used 66202K, capacity 70680K, committed 70832K, reserved 1110016K
  class space    used 8703K, capacity 9576K, committed 9648K, reserved 1048576K
Event: 241.978 GC heap after
Heap after GC invocations=30 (full 4):
 PSYoungGen      total 272384K, used 18462K [0x00000000d5580000, 0x00000000e8400000, 0x0000000100000000)
  eden space 253440K, 0% used [0x00000000d5580000,0x00000000d5580000,0x00000000e4d00000)
  from space 18944K, 97% used [0x00000000e7180000,0x00000000e8387898,0x00000000e8400000)
  to   space 24576K, 0% used [0x00000000e5400000,0x00000000e5400000,0x00000000e6c00000)
 ParOldGen       total 132096K, used 95060K [0x0000000080000000, 0x0000000088100000, 0x00000000d5580000)
  object space 132096K, 71% used [0x0000000080000000,0x0000000085cd50b0,0x0000000088100000)
 Metaspace       used 66202K, capacity 70680K, committed 70832K, reserved 1110016K
  class space    used 8703K, capacity 9576K, committed 9648K, reserved 1048576K
}
Event: 256.211 GC heap before
{Heap before GC invocations=31 (full 4):
 PSYoungGen      total 272384K, used 271902K [0x00000000d5580000, 0x00000000e8400000, 0x0000000100000000)
  eden space 253440K, 100% used [0x00000000d5580000,0x00000000e4d00000,0x00000000e4d00000)
  from space 18944K, 97% used [0x00000000e7180000,0x00000000e8387898,0x00000000e8400000)
  to   space 24576K, 0% used [0x00000000e5400000,0x00000000e5400000,0x00000000e6c00000)
 ParOldGen       total 132096K, used 95060K [0x0000000080000000, 0x0000000088100000, 0x00000000d5580000)
  object space 132096K, 71% used [0x0000000080000000,0x0000000085cd50b0,0x0000000088100000)
 Metaspace       used 72720K, capacity 77342K, committed 77488K, reserved 1116160K
  class space    used 9480K, capacity 10371K, committed 10416K, reserved 1048576K
Event: 256.252 GC heap after
Heap after GC invocations=31 (full 4):
 PSYoungGen      total 285184K, used 24559K [0x00000000d5580000, 0x00000000e9f00000, 0x0000000100000000)
  eden space 260608K, 0% used [0x00000000d5580000,0x00000000d5580000,0x00000000e5400000)
  from space 24576K, 99% used [0x00000000e5400000,0x00000000e6bfbd28,0x00000000e6c00000)
  to   space 28672K, 0% used [0x00000000e8300000,0x00000000e8300000,0x00000000e9f00000)
 ParOldGen       total 132096K, used 96697K [0x0000000080000000, 0x0000000088100000, 0x00000000d5580000)
  object space 132096K, 73% used [0x0000000080000000,0x0000000085e6e540,0x0000000088100000)
 Metaspace       used 72720K, capacity 77342K, committed 77488K, reserved 1116160K
  class space    used 9480K, capacity 10371K, committed 10416K, reserved 1048576K
}

