# JRE version: Java(TM) SE Runtime Environment (8.0_72-b15) (build 1.8.0_72-b15)
# Java VM: Java HotSpot(TM) 64-Bit Server VM (25.72-b15 mixed mode windows-amd64 compressed oops)
Heap:
 PSYoungGen      total 72192K, used 9392K [0x00000000d5c00000, 0x00000000da800000, 0x0000000100000000)
  eden space 67584K, 13% used [0x00000000d5c00000,0x00000000d652c1d8,0x00000000d9e00000)
  from space 4608K, 0% used [0x00000000da380000,0x00000000da380000,0x00000000da800000)
  to   space 5120K, 0% used [0x00000000d9e00000,0x00000000d9e00000,0x00000000da300000)
 ParOldGen       total 32768K, used 21997K [0x0000000081400000, 0x0000000083400000, 0x00000000d5c00000)
  object space 32768K, 67% used [0x0000000081400000,0x000000008297b5f0,0x0000000083400000)
 Metaspace       used 18458K, capacity 18782K, committed 19072K, reserved 1069056K
  class space    used 2021K, capacity 2099K, committed 2176K, reserved 1048576K
GC Heap History (10 events):
Event: 14.443 GC heap before
{Heap before GC invocations=40 (full 3):
 PSYoungGen      total 62976K, used 58432K [0x00000000d5c00000, 0x00000000da080000, 0x0000000100000000)
  eden space 56832K, 100% used [0x00000000d5c00000,0x00000000d9380000,0x00000000d9380000)
  from space 6144K, 26% used [0x00000000d9a80000,0x00000000d9c10000,0x00000000da080000)
  to   space 6656K, 0% used [0x00000000d9380000,0x00000000d9380000,0x00000000d9a00000)
 ParOldGen       total 32768K, used 21241K [0x0000000081400000, 0x0000000083400000, 0x00000000d5c00000)
  object space 32768K, 64% used [0x0000000081400000,0x00000000828be760,0x0000000083400000)
 Metaspace       used 18174K, capacity 18488K, committed 18816K, reserved 1067008K
  class space    used 1995K, capacity 2066K, committed 2176K, reserved 1048576K
Event: 14.445 GC heap after
Heap after GC invocations=40 (full 3):
 PSYoungGen      total 63488K, used 1376K [0x00000000d5c00000, 0x00000000da400000, 0x0000000100000000)
  eden space 56832K, 0% used [0x00000000d5c00000,0x00000000d5c00000,0x00000000d9380000)
  from space 6656K, 20% used [0x00000000d9380000,0x00000000d94d8000,0x00000000d9a00000)
  to   space 6656K, 0% used [0x00000000d9d80000,0x00000000d9d80000,0x00000000da400000)
 ParOldGen       total 32768K, used 21541K [0x0000000081400000, 0x0000000083400000, 0x00000000d5c00000)
  object space 32768K, 65% used [0x0000000081400000,0x0000000082909770,0x0000000083400000)
 Metaspace       used 18174K, capacity 18488K, committed 18816K, reserved 1067008K
  class space    used 1995K, capacity 2066K, committed 2176K, reserved 1048576K
}
Event: 14.569 GC heap before
{Heap before GC invocations=41 (full 3):
 PSYoungGen      total 63488K, used 58208K [0x00000000d5c00000, 0x00000000da400000, 0x0000000100000000)
  eden space 56832K, 100% used [0x00000000d5c00000,0x00000000d9380000,0x00000000d9380000)
  from space 6656K, 20% used [0x00000000d9380000,0x00000000d94d8000,0x00000000d9a00000)
  to   space 6656K, 0% used [0x00000000d9d80000,0x00000000d9d80000,0x00000000da400000)
 ParOldGen       total 32768K, used 21541K [0x0000000081400000, 0x0000000083400000, 0x00000000d5c00000)
  object space 32768K, 65% used [0x0000000081400000,0x0000000082909770,0x0000000083400000)
 Metaspace       used 18176K, capacity 18488K, committed 18816K, reserved 1067008K
  class space    used 1995K, capacity 2066K, committed 2176K, reserved 1048576K
Event: 14.571 GC heap after
Heap after GC invocations=41 (full 3):
 PSYoungGen      total 66048K, used 1472K [0x00000000d5c00000, 0x00000000da300000, 0x0000000100000000)
  eden space 60416K, 0% used [0x00000000d5c00000,0x00000000d5c00000,0x00000000d9700000)
  from space 5632K, 26% used [0x00000000d9d80000,0x00000000d9ef0000,0x00000000da300000)
  to   space 6144K, 0% used [0x00000000d9700000,0x00000000d9700000,0x00000000d9d00000)
 ParOldGen       total 32768K, used 21757K [0x0000000081400000, 0x0000000083400000, 0x00000000d5c00000)
  object space 32768K, 66% used [0x0000000081400000,0x000000008293f770,0x0000000083400000)
 Metaspace       used 18176K, capacity 18488K, committed 18816K, reserved 1067008K
  class space    used 1995K, capacity 2066K, committed 2176K, reserved 1048576K
}
Event: 14.719 GC heap before
{Heap before GC invocations=42 (full 3):
 PSYoungGen      total 66048K, used 61888K [0x00000000d5c00000, 0x00000000da300000, 0x0000000100000000)
  eden space 60416K, 100% used [0x00000000d5c00000,0x00000000d9700000,0x00000000d9700000)
  from space 5632K, 26% used [0x00000000d9d80000,0x00000000d9ef0000,0x00000000da300000)
  to   space 6144K, 0% used [0x00000000d9700000,0x00000000d9700000,0x00000000d9d00000)
 ParOldGen       total 32768K, used 21757K [0x0000000081400000, 0x0000000083400000, 0x00000000d5c00000)
  object space 32768K, 66% used [0x0000000081400000,0x000000008293f770,0x0000000083400000)
 Metaspace       used 18177K, capacity 18488K, committed 18816K, reserved 1067008K
  class space    used 1995K, capacity 2066K, committed 2176K, reserved 1048576K
Event: 14.721 GC heap after
Heap after GC invocations=42 (full 3):
 PSYoungGen      total 66560K, used 1008K [0x00000000d5c00000, 0x00000000da700000, 0x0000000100000000)
  eden space 60416K, 0% used [0x00000000d5c00000,0x00000000d5c00000,0x00000000d9700000)
  from space 6144K, 16% used [0x00000000d9700000,0x00000000d97fc010,0x00000000d9d00000)
  to   space 6144K, 0% used [0x00000000da100000,0x00000000da100000,0x00000000da700000)
 ParOldGen       total 32768K, used 21805K [0x0000000081400000, 0x0000000083400000, 0x00000000d5c00000)
  object space 32768K, 66% used [0x0000000081400000,0x000000008294b770,0x0000000083400000)
 Metaspace       used 18177K, capacity 18488K, committed 18816K, reserved 1067008K
  class space    used 1995K, capacity 2066K, committed 2176K, reserved 1048576K
}
Event: 14.850 GC heap before
{Heap before GC invocations=43 (full 3):
 PSYoungGen      total 66560K, used 61424K [0x00000000d5c00000, 0x00000000da700000, 0x0000000100000000)
  eden space 60416K, 100% used [0x00000000d5c00000,0x00000000d9700000,0x00000000d9700000)
  from space 6144K, 16% used [0x00000000d9700000,0x00000000d97fc010,0x00000000d9d00000)
  to   space 6144K, 0% used [0x00000000da100000,0x00000000da100000,0x00000000da700000)
 ParOldGen       total 32768K, used 21805K [0x0000000081400000, 0x0000000083400000, 0x00000000d5c00000)
  object space 32768K, 66% used [0x0000000081400000,0x000000008294b770,0x0000000083400000)
 Metaspace       used 18177K, capacity 18488K, committed 18816K, reserved 1067008K
  class space    used 1995K, capacity 2066K, committed 2176K, reserved 1048576K
Event: 14.853 GC heap after
Heap after GC invocations=43 (full 3):
 PSYoungGen      total 69632K, used 1376K [0x00000000d5c00000, 0x00000000da600000, 0x0000000100000000)
  eden space 64512K, 0% used [0x00000000d5c00000,0x00000000d5c00000,0x00000000d9b00000)
  from space 5120K, 26% used [0x00000000da100000,0x00000000da258000,0x00000000da600000)
  to   space 5632K, 0% used [0x00000000d9b00000,0x00000000d9b00000,0x00000000da080000)
 ParOldGen       total 32768K, used 21853K [0x0000000081400000, 0x0000000083400000, 0x00000000d5c00000)
  object space 32768K, 66% used [0x0000000081400000,0x0000000082957770,0x0000000083400000)
 Metaspace       used 18177K, capacity 18488K, committed 18816K, reserved 1067008K
  class space    used 1995K, capacity 2066K, committed 2176K, reserved 1048576K
}
Event: 15.065 GC heap before
{Heap before GC invocations=44 (full 3):
 PSYoungGen      total 69632K, used 65888K [0x00000000d5c00000, 0x00000000da600000, 0x0000000100000000)
  eden space 64512K, 100% used [0x00000000d5c00000,0x00000000d9b00000,0x00000000d9b00000)
  from space 5120K, 26% used [0x00000000da100000,0x00000000da258000,0x00000000da600000)
  to   space 5632K, 0% used [0x00000000d9b00000,0x00000000d9b00000,0x00000000da080000)
 ParOldGen       total 32768K, used 21853K [0x0000000081400000, 0x0000000083400000, 0x00000000d5c00000)
  object space 32768K, 66% used [0x0000000081400000,0x0000000082957770,0x0000000083400000)
 Metaspace       used 18180K, capacity 18488K, committed 18816K, reserved 1067008K
  class space    used 1995K, capacity 2066K, committed 2176K, reserved 1048576K
Event: 15.067 GC heap after
Heap after GC invocations=44 (full 3):
 PSYoungGen      total 70144K, used 1328K [0x00000000d5c00000, 0x00000000da900000, 0x0000000100000000)
  eden space 64512K, 0% used [0x00000000d5c00000,0x00000000d5c00000,0x00000000d9b00000)
  from space 5632K, 23% used [0x00000000d9b00000,0x00000000d9c4c010,0x00000000da080000)
  to   space 5632K, 0% used [0x00000000da380000,0x00000000da380000,0x00000000da900000)
 ParOldGen       total 32768K, used 21885K [0x0000000081400000, 0x0000000083400000, 0x00000000d5c00000)
  object space 32768K, 66% used [0x0000000081400000,0x000000008295f770,0x0000000083400000)
 Metaspace       used 18180K, capacity 18488K, committed 18816K, reserved 1067008K
  class space    used 1995K, capacity 2066K, committed 2176K, reserved 1048576K
}

